<?xml version="1.0" encoding="UTF-8"?>
<testng-results ignored="0" total="1" passed="0" failed="1" skipped="0">
  <reporter-output>
  </reporter-output>
  <suite started-at="2023-07-17T11:59:58 IST" name="Default suite" finished-at="2023-07-17T12:00:06 IST" duration-ms="8191">
    <groups>
    </groups>
    <test started-at="2023-07-17T11:59:58 IST" name="Default test" finished-at="2023-07-17T12:00:06 IST" duration-ms="8191">
      <class name="test.Formtest">
        <test-method is-config="true" signature="testsetup()[pri:0, instance:test.Formtest@38425407]" started-at="2023-07-17T11:59:58 IST" name="testsetup" finished-at="2023-07-17T12:00:06 IST" duration-ms="7950" status="PASS">
          <reporter-output>
          </reporter-output>
        </test-method> <!-- testsetup -->
        <test-method signature="verifyInvalidLoginCredentials(java.lang.String,java.lang.String,java.lang.String,java.lang.String,java.lang.String,java.lang.String,java.lang.String)[pri:1, instance:test.Formtest@38425407]" started-at="2023-07-17T12:00:06 IST" name="verifyInvalidLoginCredentials" data-provider="form" finished-at="2023-07-17T12:00:06 IST" duration-ms="220" status="FAIL">
          <params>
            <param index="0">
              <value>
                <![CDATA[name]]>
              </value>
            </param>
            <param index="1">
              <value>
                <![CDATA[mail]]>
              </value>
            </param>
            <param index="2">
              <value>
                <![CDATA[7689]]>
              </value>
            </param>
            <param index="3">
              <value>
                <![CDATA[90]]>
              </value>
            </param>
            <param index="4">
              <value>
                <![CDATA[4]]>
              </value>
            </param>
            <param index="5">
              <value>
                <![CDATA[C:\Users\MSI\Desktop\Once upon a time.pdf]]>
              </value>
            </param>
            <param index="6">
              <value>
                <![CDATA[I have attached my resume]]>
              </value>
            </param>
          </params>
          <exception class="org.openqa.selenium.InvalidArgumentException">
            <message>
              <![CDATA[invalid argument: File not found : 90
  (Session info: chrome=114.0.5735.199)
Build info: version: '4.10.0', revision: 'c14d967899'
System info: os.name: 'Windows 11', os.arch: 'amd64', os.version: '10.0', java.version: '18.0.1.1'
Driver info: org.openqa.selenium.chrome.ChromeDriver
Command: [33784404bed2273f8ebed5955fd289fd, sendKeysToElement {id=261E4459504F6797347358B2ACCC21DE_element_36, value=[Ljava.lang.CharSequence;@51e0301d}]
Capabilities {acceptInsecureCerts: false, browserName: chrome, browserVersion: 114.0.5735.199, chrome: {chromedriverVersion: 114.0.5735.90 (386bc09e8f4f..., userDataDir: C:\Users\MSI\AppData\Local\...}, goog:chromeOptions: {debuggerAddress: localhost:59550}, networkConnectionEnabled: false, pageLoadStrategy: normal, platformName: windows, proxy: Proxy(), se:cdp: ws://localhost:59550/devtoo..., se:cdpVersion: 114.0.5735.199, setWindowRect: true, strictFileInteractability: false, timeouts: {implicit: 0, pageLoad: 300000, script: 30000}, unhandledPromptBehavior: dismiss and notify, webauthn:extension:credBlob: true, webauthn:extension:largeBlob: true, webauthn:extension:minPinLength: true, webauthn:extension:prf: true, webauthn:virtualAuthenticators: true}
Element: [[ChromeDriver: chrome on windows (33784404bed2273f8ebed5955fd289fd)] -> xpath: //*[@id="contact-form"]/div/div[5]/input]
Session ID: 33784404bed2273f8ebed5955fd289fd]]>
            </message>
            <full-stacktrace>
              <![CDATA[org.openqa.selenium.InvalidArgumentException: invalid argument: File not found : 90
  (Session info: chrome=114.0.5735.199)
Build info: version: '4.10.0', revision: 'c14d967899'
System info: os.name: 'Windows 11', os.arch: 'amd64', os.version: '10.0', java.version: '18.0.1.1'
Driver info: org.openqa.selenium.chrome.ChromeDriver
Command: [33784404bed2273f8ebed5955fd289fd, sendKeysToElement {id=261E4459504F6797347358B2ACCC21DE_element_36, value=[Ljava.lang.CharSequence;@51e0301d}]
Capabilities {acceptInsecureCerts: false, browserName: chrome, browserVersion: 114.0.5735.199, chrome: {chromedriverVersion: 114.0.5735.90 (386bc09e8f4f..., userDataDir: C:\Users\MSI\AppData\Local\...}, goog:chromeOptions: {debuggerAddress: localhost:59550}, networkConnectionEnabled: false, pageLoadStrategy: normal, platformName: windows, proxy: Proxy(), se:cdp: ws://localhost:59550/devtoo..., se:cdpVersion: 114.0.5735.199, setWindowRect: true, strictFileInteractability: false, timeouts: {implicit: 0, pageLoad: 300000, script: 30000}, unhandledPromptBehavior: dismiss and notify, webauthn:extension:credBlob: true, webauthn:extension:largeBlob: true, webauthn:extension:minPinLength: true, webauthn:extension:prf: true, webauthn:virtualAuthenticators: true}
Element: [[ChromeDriver: chrome on windows (33784404bed2273f8ebed5955fd289fd)] -> xpath: //*[@id="contact-form"]/div/div[5]/input]
Session ID: 33784404bed2273f8ebed5955fd289fd
at java.base/jdk.internal.reflect.DirectConstructorHandleAccessor.newInstance(DirectConstructorHandleAccessor.java:67)
at java.base/java.lang.reflect.Constructor.newInstanceWithCaller(Constructor.java:499)
at java.base/java.lang.reflect.Constructor.newInstance(Constructor.java:483)
at org.openqa.selenium.remote.codec.w3c.W3CHttpResponseCodec.createException(W3CHttpResponseCodec.java:199)
at org.openqa.selenium.remote.codec.w3c.W3CHttpResponseCodec.decode(W3CHttpResponseCodec.java:132)
at org.openqa.selenium.remote.codec.w3c.W3CHttpResponseCodec.decode(W3CHttpResponseCodec.java:51)
at org.openqa.selenium.remote.HttpCommandExecutor.execute(HttpCommandExecutor.java:191)
at org.openqa.selenium.remote.service.DriverCommandExecutor.invokeExecute(DriverCommandExecutor.java:196)
at org.openqa.selenium.remote.service.DriverCommandExecutor.execute(DriverCommandExecutor.java:171)
at org.openqa.selenium.remote.RemoteWebDriver.execute(RemoteWebDriver.java:531)
at org.openqa.selenium.remote.RemoteWebElement.execute(RemoteWebElement.java:242)
at org.openqa.selenium.remote.RemoteWebElement.sendKeys(RemoteWebElement.java:111)
at pages.Home.typenotice(Home.java:39)
at test.Formtest.verifyInvalidLoginCredentials(Formtest.java:32)
at java.base/jdk.internal.reflect.DirectMethodHandleAccessor.invoke(DirectMethodHandleAccessor.java:104)
at java.base/java.lang.reflect.Method.invoke(Method.java:577)
at org.testng.internal.invokers.MethodInvocationHelper.invokeMethod(MethodInvocationHelper.java:139)
at org.testng.internal.invokers.TestInvoker.invokeMethod(TestInvoker.java:664)
at org.testng.internal.invokers.TestInvoker.invokeTestMethod(TestInvoker.java:227)
at org.testng.internal.invokers.MethodRunner.runInSequence(MethodRunner.java:50)
at org.testng.internal.invokers.TestInvoker$MethodInvocationAgent.invoke(TestInvoker.java:957)
at org.testng.internal.invokers.TestInvoker.invokeTestMethods(TestInvoker.java:200)
at org.testng.internal.invokers.TestMethodWorker.invokeTestMethods(TestMethodWorker.java:148)
at org.testng.internal.invokers.TestMethodWorker.run(TestMethodWorker.java:128)
at java.base/java.util.ArrayList.forEach(ArrayList.java:1511)
at org.testng.TestRunner.privateRun(TestRunner.java:848)
at org.testng.TestRunner.run(TestRunner.java:621)
at org.testng.SuiteRunner.runTest(SuiteRunner.java:443)
at org.testng.SuiteRunner.runSequentially(SuiteRunner.java:437)
at org.testng.SuiteRunner.privateRun(SuiteRunner.java:397)
at org.testng.SuiteRunner.run(SuiteRunner.java:336)
at org.testng.SuiteRunnerWorker.runSuite(SuiteRunnerWorker.java:52)
at org.testng.SuiteRunnerWorker.run(SuiteRunnerWorker.java:95)
at org.testng.TestNG.runSuitesSequentially(TestNG.java:1280)
at org.testng.TestNG.runSuitesLocally(TestNG.java:1200)
at org.testng.TestNG.runSuites(TestNG.java:1114)
at org.testng.TestNG.run(TestNG.java:1082)
at org.testng.remote.AbstractRemoteTestNG.run(AbstractRemoteTestNG.java:115)
at org.testng.remote.RemoteTestNG.initAndRun(RemoteTestNG.java:251)
at org.testng.remote.RemoteTestNG.main(RemoteTestNG.java:77)
]]>
            </full-stacktrace>
          </exception> <!-- org.openqa.selenium.InvalidArgumentException -->
          <reporter-output>
          </reporter-output>
        </test-method> <!-- verifyInvalidLoginCredentials -->
        <test-method is-config="true" signature="afterClass()[pri:0, instance:test.Formtest@38425407]" started-at="2023-07-17T12:00:06 IST" name="afterClass" finished-at="2023-07-17T12:00:06 IST" duration-ms="1" status="PASS">
          <reporter-output>
          </reporter-output>
        </test-method> <!-- afterClass -->
      </class> <!-- test.Formtest -->
    </test> <!-- Default test -->
  </suite> <!-- Default suite -->
</testng-results>
